[debug] [2025-01-19T00:57:01.043Z] ----------------------------------------------------------------------
[debug] [2025-01-19T00:57:01.063Z] Command:       C:\Program Files\nodejs\node.exe C:\Users\Windows\AppData\Roaming\npm\node_modules\firebase-tools\lib\bin\firebase.js init
[debug] [2025-01-19T00:57:01.064Z] CLI Version:   13.23.0
[debug] [2025-01-19T00:57:01.064Z] Platform:      win32
[debug] [2025-01-19T00:57:01.065Z] Node Version:  v20.18.1
[debug] [2025-01-19T00:57:01.065Z] Time:          Sat Jan 18 2025 19:57:01 GMT-0500 (hora estándar de Colombia)
[debug] [2025-01-19T00:57:01.066Z] ----------------------------------------------------------------------
[debug] 
[debug] [2025-01-19T00:57:01.286Z] > command requires scopes: ["email","openid","https://www.googleapis.com/auth/cloudplatformprojects.readonly","https://www.googleapis.com/auth/firebase","https://www.googleapis.com/auth/cloud-platform"]
[debug] [2025-01-19T00:57:01.287Z] > authorizing via signed-in user (fercho22savi@gmail.com)
[info] 
     ######## #### ########  ######## ########     ###     ######  ########
     ##        ##  ##     ## ##       ##     ##  ##   ##  ##       ##
     ######    ##  ########  ######   ########  #########  ######  ######
     ##        ##  ##    ##  ##       ##     ## ##     ##       ## ##
     ##       #### ##     ## ######## ########  ##     ##  ######  ########

You're about to initialize a Firebase project in this directory:

  C:\Users\Windows\Downloads\projects scripts\Angular\Arkany\Arkany

Before we get started, keep in mind:

  * You are initializing within an existing Firebase project directory

[info] 
=== Project Setup
[info] 
[info] First, let's associate this project directory with a Firebase project.
[info] You can create multiple project aliases by running firebase use --add, 
[info] but for now we'll just set up a default project.
[info] 
[debug] [2025-01-19T00:57:43.088Z] Using project from CLI flag: fleet-purpose-444507-j9
[debug] [2025-01-19T00:57:43.094Z] Checked if tokens are valid: true, expires at: 1737249890980
[debug] [2025-01-19T00:57:43.095Z] Checked if tokens are valid: true, expires at: 1737249890980
[debug] [2025-01-19T00:57:43.100Z] >>> [apiv2][query] GET https://firebase.googleapis.com/v1beta1/projects/fleet-purpose-444507-j9 [none]
[debug] [2025-01-19T00:57:43.732Z] <<< [apiv2][status] GET https://firebase.googleapis.com/v1beta1/projects/fleet-purpose-444507-j9 200
[debug] [2025-01-19T00:57:43.733Z] <<< [apiv2][body] GET https://firebase.googleapis.com/v1beta1/projects/fleet-purpose-444507-j9 {"projectId":"fleet-purpose-444507-j9","projectNumber":"300677691004","displayName":"My First Project","name":"projects/fleet-purpose-444507-j9","resources":{"hostingSite":"fleet-purpose-444507-j9"},"state":"ACTIVE","etag":"1_8adec70b-83ad-4e49-9583-3d35ea337df2"}
[info] i  Using project fleet-purpose-444507-j9 (My First Project) 
[info] 
=== Hosting Setup
[debug] [2025-01-19T00:57:43.744Z] Checked if tokens are valid: true, expires at: 1737249890980
[debug] [2025-01-19T00:57:43.745Z] Checked if tokens are valid: true, expires at: 1737249890980
[debug] [2025-01-19T00:57:43.745Z] >>> [apiv2][query] GET https://firebase.googleapis.com/v1beta1/projects/fleet-purpose-444507-j9 [none]
[debug] [2025-01-19T00:57:43.972Z] <<< [apiv2][status] GET https://firebase.googleapis.com/v1beta1/projects/fleet-purpose-444507-j9 200
[debug] [2025-01-19T00:57:43.972Z] <<< [apiv2][body] GET https://firebase.googleapis.com/v1beta1/projects/fleet-purpose-444507-j9 {"projectId":"fleet-purpose-444507-j9","projectNumber":"300677691004","displayName":"My First Project","name":"projects/fleet-purpose-444507-j9","resources":{"hostingSite":"fleet-purpose-444507-j9"},"state":"ACTIVE","etag":"1_8adec70b-83ad-4e49-9583-3d35ea337df2"}
[info] 
[info] Your public directory is the folder (relative to your project directory) that
[info] will contain Hosting assets to be uploaded with firebase deploy. If you
[info] have a build process for your assets, use your build's output directory.
[info] 
[debug] [2025-01-19T00:59:09.455Z] ----------------------------------------------------------------------
[debug] [2025-01-19T00:59:09.463Z] Command:       C:\Program Files\nodejs\node.exe C:\Users\Windows\AppData\Roaming\npm\node_modules\firebase-tools\lib\bin\firebase.js init
[debug] [2025-01-19T00:59:09.463Z] CLI Version:   13.23.0
[debug] [2025-01-19T00:59:09.464Z] Platform:      win32
[debug] [2025-01-19T00:59:09.464Z] Node Version:  v20.18.1
[debug] [2025-01-19T00:59:09.464Z] Time:          Sat Jan 18 2025 19:59:09 GMT-0500 (hora estándar de Colombia)
[debug] [2025-01-19T00:59:09.465Z] ----------------------------------------------------------------------
[debug] 
[debug] [2025-01-19T00:59:09.657Z] > command requires scopes: ["email","openid","https://www.googleapis.com/auth/cloudplatformprojects.readonly","https://www.googleapis.com/auth/firebase","https://www.googleapis.com/auth/cloud-platform"]
[debug] [2025-01-19T00:59:09.658Z] > authorizing via signed-in user (fercho22savi@gmail.com)
[info] 
     ######## #### ########  ######## ########     ###     ######  ########
     ##        ##  ##     ## ##       ##     ##  ##   ##  ##       ##
     ######    ##  ########  ######   ########  #########  ######  ######
     ##        ##  ##    ##  ##       ##     ## ##     ##       ## ##
     ##       #### ##     ## ######## ########  ##     ##  ######  ########

You're about to initialize a Firebase project in this directory:

  C:\Users\Windows\Downloads\projects scripts\Angular\Arkany\Arkany

Before we get started, keep in mind:

  * You are initializing within an existing Firebase project directory

[info] 
=== Project Setup
[info] 
[info] First, let's associate this project directory with a Firebase project.
[info] You can create multiple project aliases by running firebase use --add, 
[info] but for now we'll just set up a default project.
[info] 
[debug] [2025-01-19T00:59:19.004Z] Using project from CLI flag: fleet-purpose-444507-j9
[debug] [2025-01-19T00:59:19.006Z] Checked if tokens are valid: true, expires at: 1737249890980
[debug] [2025-01-19T00:59:19.006Z] Checked if tokens are valid: true, expires at: 1737249890980
[debug] [2025-01-19T00:59:19.010Z] >>> [apiv2][query] GET https://firebase.googleapis.com/v1beta1/projects/fleet-purpose-444507-j9 [none]
[debug] [2025-01-19T00:59:19.535Z] <<< [apiv2][status] GET https://firebase.googleapis.com/v1beta1/projects/fleet-purpose-444507-j9 200
[debug] [2025-01-19T00:59:19.535Z] <<< [apiv2][body] GET https://firebase.googleapis.com/v1beta1/projects/fleet-purpose-444507-j9 {"projectId":"fleet-purpose-444507-j9","projectNumber":"300677691004","displayName":"My First Project","name":"projects/fleet-purpose-444507-j9","resources":{"hostingSite":"fleet-purpose-444507-j9"},"state":"ACTIVE","etag":"1_8adec70b-83ad-4e49-9583-3d35ea337df2"}
[info] i  Using project fleet-purpose-444507-j9 (My First Project) 
[info] 
=== Hosting Setup
[debug] [2025-01-19T00:59:19.546Z] Checked if tokens are valid: true, expires at: 1737249890980
[debug] [2025-01-19T00:59:19.546Z] Checked if tokens are valid: true, expires at: 1737249890980
[debug] [2025-01-19T00:59:19.546Z] >>> [apiv2][query] GET https://firebase.googleapis.com/v1beta1/projects/fleet-purpose-444507-j9 [none]
[debug] [2025-01-19T00:59:19.768Z] <<< [apiv2][status] GET https://firebase.googleapis.com/v1beta1/projects/fleet-purpose-444507-j9 200
[debug] [2025-01-19T00:59:19.768Z] <<< [apiv2][body] GET https://firebase.googleapis.com/v1beta1/projects/fleet-purpose-444507-j9 {"projectId":"fleet-purpose-444507-j9","projectNumber":"300677691004","displayName":"My First Project","name":"projects/fleet-purpose-444507-j9","resources":{"hostingSite":"fleet-purpose-444507-j9"},"state":"ACTIVE","etag":"1_8adec70b-83ad-4e49-9583-3d35ea337df2"}
[info] 
[info] Your public directory is the folder (relative to your project directory) that
[info] will contain Hosting assets to be uploaded with firebase deploy. If you
[info] have a build process for your assets, use your build's output directory.
[info] 
[debug] [2025-01-19T00:59:38.779Z] >>> [apiv2][query] GET https://www.gstatic.com/firebasejs/releases.json [none]
[debug] [2025-01-19T00:59:38.927Z] <<< [apiv2][status] GET https://www.gstatic.com/firebasejs/releases.json 200
[debug] [2025-01-19T00:59:38.928Z] <<< [apiv2][body] GET https://www.gstatic.com/firebasejs/releases.json {"current":{"version":"11.2.0","browserURL":"https://www.gstatic.com/firebasejs/11.2.0/firebase.js","packageURL":"https://www.gstatic.com/firebasejs/11.2.0/firebase.tgz"},"live":{"version":"11.2","browserURL":"https://www.gstatic.com/firebasejs/live/11.2/firebase.js","packageURL":"https://www.gstatic.com/firebasejs/live/11.2/firebase.tgz"},"components":{"analytics":"https://www.gstatic.com/firebasejs/11.2.0/firebase-analytics.js","app":"https://www.gstatic.com/firebasejs/11.2.0/firebase-app.js","app-check":"https://www.gstatic.com/firebasejs/11.2.0/firebase-app-check.js","auth":"https://www.gstatic.com/firebasejs/11.2.0/firebase-auth.js","auth/cordova":"https://www.gstatic.com/firebasejs/11.2.0/firebase-auth/cordova.js","auth/web-extension":"https://www.gstatic.com/firebasejs/11.2.0/firebase-auth/web-extension.js","functions":"https://www.gstatic.com/firebasejs/11.2.0/firebase-functions.js","firestore":"https://www.gstatic.com/firebasejs/11.2.0/firebase-firestore.js","firestore/lite":"https://www.gstatic.com/firebasejs/11.2.0/firebase-firestore/lite.js","installations":"https://www.gstatic.com/firebasejs/11.2.0/firebase-installations.js","storage":"https://www.gstatic.com/firebasejs/11.2.0/firebase-storage.js","performance":"https://www.gstatic.com/firebasejs/11.2.0/firebase-performance.js","remote-config":"https://www.gstatic.com/firebasejs/11.2.0/firebase-remote-config.js","messaging":"https://www.gstatic.com/firebasejs/11.2.0/firebase-messaging.js","messaging/sw":"https://www.gstatic.com/firebasejs/11.2.0/firebase-messaging/sw.js","database":"https://www.gstatic.com/firebasejs/11.2.0/firebase-database.js","vertexai":"https://www.gstatic.com/firebasejs/11.2.0/firebase-vertexai.js","data-connect":"https://www.gstatic.com/firebasejs/11.2.0/firebase-data-connect.js","firestore.memory":"https://www.gstatic.com/firebasejs/11.2.0/firebase-firestore.memory.js"}}
[info] +  Wrote public/index.html 
[info] 
[info] i  Detected a .git folder at C:\Users\Windows\Downloads\projects scripts\Angular\Arkany\Arkany 
[info] i  Authorizing with GitHub to upload your service account to a GitHub repository's secrets store. 
[info] 
[info] Visit this URL on this device to log in:
[info] https://github.com/login/oauth/authorize?client_id=89cf50f02ac6aaed3484&state=13004314&redirect_uri=http%3A%2F%2Flocalhost%3A9005&scope=read%3Auser%20repo%20public_repo
[info] 
[info] Waiting for authentication...
